<?xml version="1.0" encoding="UTF-8"?>
<testng-results ignored="0" total="1" passed="1" failed="0" skipped="0">
  <reporter-output>
  </reporter-output>
  <suite started-at="2023-02-23T00:10:34 EST" name="Suite" finished-at="2023-02-23T00:10:42 EST" duration-ms="8161">
    <groups>
    </groups>
    <test started-at="2023-02-23T00:10:34 EST" name="Test" finished-at="2023-02-23T00:10:42 EST" duration-ms="8161">
      <class name="com.qa.fifa.SearchTest">
        <test-method signature="validateSearch()[pri:0, instance:com.qa.fifa.SearchTest@36bc55de]" started-at="2023-02-23T00:10:34 EST" name="validateSearch" finished-at="2023-02-23T00:10:42 EST" duration-ms="8133" status="PASS">
          <reporter-output>
          </reporter-output>
        </test-method> <!-- validateSearch -->
      </class> <!-- com.qa.fifa.SearchTest -->
    </test> <!-- Test -->
  </suite> <!-- Suite -->
</testng-results>
